{"C:\\Users\\User\\Documents\\Project\\af2\\food-ordering-system\\payment-service\\src\\app.js": {"path":"C:\\Users\\User\\Documents\\Project\\af2\\food-ordering-system\\payment-service\\src\\app.js","statementMap":{"0":{"start":{"line":1,"column":16},"end":{"line":1,"column":34}},"1":{"start":{"line":2,"column":13},"end":{"line":2,"column":28}},"2":{"start":{"line":3,"column":15},"end":{"line":3,"column":32}},"3":{"start":{"line":4,"column":15},"end":{"line":4,"column":32}},"4":{"start":{"line":5,"column":18},"end":{"line":5,"column":47}},"5":{"start":{"line":6,"column":13},"end":{"line":6,"column":30}},"6":{"start":{"line":7,"column":13},"end":{"line":7,"column":28}},"7":{"start":{"line":9,"column":22},"end":{"line":9,"column":55}},"8":{"start":{"line":10,"column":21},"end":{"line":10,"column":57}},"9":{"start":{"line":12,"column":12},"end":{"line":12,"column":21}},"10":{"start":{"line":15,"column":0},"end":{"line":15,"column":18}},"11":{"start":{"line":16,"column":0},"end":{"line":16,"column":16}},"12":{"start":{"line":19,"column":0},"end":{"line":19,"column":41}},"13":{"start":{"line":20,"column":0},"end":{"line":20,"column":48}},"14":{"start":{"line":23,"column":0},"end":{"line":25,"column":1}},"15":{"start":{"line":24,"column":2},"end":{"line":24,"column":25}},"16":{"start":{"line":28,"column":0},"end":{"line":33,"column":1}},"17":{"start":{"line":29,"column":26},"end":{"line":29,"column":79}},"18":{"start":{"line":30,"column":2},"end":{"line":30,"column":74}},"19":{"start":{"line":32,"column":2},"end":{"line":32,"column":70}},"20":{"start":{"line":36,"column":0},"end":{"line":42,"column":3}},"21":{"start":{"line":37,"column":2},"end":{"line":41,"column":5}},"22":{"start":{"line":45,"column":0},"end":{"line":45,"column":40}},"23":{"start":{"line":48,"column":0},"end":{"line":53,"column":3}},"24":{"start":{"line":49,"column":2},"end":{"line":52,"column":5}},"25":{"start":{"line":56,"column":0},"end":{"line":56,"column":22}},"26":{"start":{"line":58,"column":0},"end":{"line":58,"column":21}}},"fnMap":{"0":{"name":"(anonymous_0)","decl":{"start":{"line":36,"column":19},"end":{"line":36,"column":20}},"loc":{"start":{"line":36,"column":33},"end":{"line":42,"column":1}},"line":36},"1":{"name":"(anonymous_1)","decl":{"start":{"line":48,"column":8},"end":{"line":48,"column":9}},"loc":{"start":{"line":48,"column":22},"end":{"line":53,"column":1}},"line":48}},"branchMap":{"0":{"loc":{"start":{"line":23,"column":0},"end":{"line":25,"column":1}},"type":"if","locations":[{"start":{"line":23,"column":0},"end":{"line":25,"column":1}},{"start":{},"end":{}}],"line":23}},"s":{"0":1,"1":1,"2":1,"3":1,"4":1,"5":1,"6":1,"7":1,"8":1,"9":1,"10":1,"11":1,"12":1,"13":1,"14":1,"15":0,"16":1,"17":1,"18":1,"19":0,"20":1,"21":1,"22":1,"23":1,"24":1,"25":1,"26":1},"f":{"0":1,"1":1},"b":{"0":[0,1]},"_coverageSchema":"1a1c01bbd47fc00a2c39e90264f33305004495a9","hash":"8b27ef3ed1b450a53551934390170f005dfef470"}
,"C:\\Users\\User\\Documents\\Project\\af2\\food-ordering-system\\payment-service\\src\\controllers\\paymentController.js": {"path":"C:\\Users\\User\\Documents\\Project\\af2\\food-ordering-system\\payment-service\\src\\controllers\\paymentController.js","statementMap":{"0":{"start":{"line":1,"column":23},"end":{"line":1,"column":60}},"1":{"start":{"line":7,"column":0},"end":{"line":36,"column":2}},"2":{"start":{"line":8,"column":2},"end":{"line":35,"column":3}},"3":{"start":{"line":9,"column":88},"end":{"line":9,"column":96}},"4":{"start":{"line":11,"column":4},"end":{"line":16,"column":5}},"5":{"start":{"line":12,"column":6},"end":{"line":15,"column":9}},"6":{"start":{"line":18,"column":19},"end":{"line":26,"column":6}},"7":{"start":{"line":28,"column":4},"end":{"line":32,"column":7}},"8":{"start":{"line":34,"column":4},"end":{"line":34,"column":16}},"9":{"start":{"line":42,"column":0},"end":{"line":64,"column":2}},"10":{"start":{"line":43,"column":2},"end":{"line":63,"column":3}},"11":{"start":{"line":44,"column":19},"end":{"line":44,"column":29}},"12":{"start":{"line":45,"column":32},"end":{"line":45,"column":40}},"13":{"start":{"line":47,"column":4},"end":{"line":52,"column":5}},"14":{"start":{"line":48,"column":6},"end":{"line":51,"column":9}},"15":{"start":{"line":54,"column":19},"end":{"line":54,"column":75}},"16":{"start":{"line":56,"column":4},"end":{"line":60,"column":7}},"17":{"start":{"line":62,"column":4},"end":{"line":62,"column":16}},"18":{"start":{"line":70,"column":0},"end":{"line":81,"column":2}},"19":{"start":{"line":71,"column":2},"end":{"line":80,"column":3}},"20":{"start":{"line":72,"column":20},"end":{"line":72,"column":70}},"21":{"start":{"line":74,"column":4},"end":{"line":77,"column":7}},"22":{"start":{"line":79,"column":4},"end":{"line":79,"column":16}},"23":{"start":{"line":87,"column":0},"end":{"line":98,"column":2}},"24":{"start":{"line":88,"column":2},"end":{"line":97,"column":3}},"25":{"start":{"line":89,"column":20},"end":{"line":89,"column":80}},"26":{"start":{"line":91,"column":4},"end":{"line":94,"column":7}},"27":{"start":{"line":96,"column":4},"end":{"line":96,"column":16}},"28":{"start":{"line":104,"column":0},"end":{"line":117,"column":2}},"29":{"start":{"line":105,"column":2},"end":{"line":116,"column":3}},"30":{"start":{"line":106,"column":44},"end":{"line":106,"column":53}},"31":{"start":{"line":107,"column":19},"end":{"line":107,"column":87}},"32":{"start":{"line":109,"column":4},"end":{"line":113,"column":7}},"33":{"start":{"line":115,"column":4},"end":{"line":115,"column":16}},"34":{"start":{"line":123,"column":0},"end":{"line":136,"column":2}},"35":{"start":{"line":124,"column":2},"end":{"line":135,"column":3}},"36":{"start":{"line":125,"column":23},"end":{"line":125,"column":31}},"37":{"start":{"line":126,"column":19},"end":{"line":126,"column":76}},"38":{"start":{"line":128,"column":4},"end":{"line":132,"column":7}},"39":{"start":{"line":134,"column":4},"end":{"line":134,"column":16}},"40":{"start":{"line":142,"column":0},"end":{"line":153,"column":2}},"41":{"start":{"line":143,"column":2},"end":{"line":152,"column":3}},"42":{"start":{"line":144,"column":20},"end":{"line":144,"column":71}},"43":{"start":{"line":146,"column":4},"end":{"line":149,"column":7}},"44":{"start":{"line":151,"column":4},"end":{"line":151,"column":16}}},"fnMap":{"0":{"name":"(anonymous_0)","decl":{"start":{"line":7,"column":24},"end":{"line":7,"column":25}},"loc":{"start":{"line":7,"column":50},"end":{"line":36,"column":1}},"line":7},"1":{"name":"(anonymous_1)","decl":{"start":{"line":42,"column":25},"end":{"line":42,"column":26}},"loc":{"start":{"line":42,"column":51},"end":{"line":64,"column":1}},"line":42},"2":{"name":"(anonymous_2)","decl":{"start":{"line":70,"column":25},"end":{"line":70,"column":26}},"loc":{"start":{"line":70,"column":51},"end":{"line":81,"column":1}},"line":70},"3":{"name":"(anonymous_3)","decl":{"start":{"line":87,"column":30},"end":{"line":87,"column":31}},"loc":{"start":{"line":87,"column":56},"end":{"line":98,"column":1}},"line":87},"4":{"name":"(anonymous_4)","decl":{"start":{"line":104,"column":25},"end":{"line":104,"column":26}},"loc":{"start":{"line":104,"column":51},"end":{"line":117,"column":1}},"line":104},"5":{"name":"(anonymous_5)","decl":{"start":{"line":123,"column":24},"end":{"line":123,"column":25}},"loc":{"start":{"line":123,"column":50},"end":{"line":136,"column":1}},"line":123},"6":{"name":"(anonymous_6)","decl":{"start":{"line":142,"column":26},"end":{"line":142,"column":27}},"loc":{"start":{"line":142,"column":52},"end":{"line":153,"column":1}},"line":142}},"branchMap":{"0":{"loc":{"start":{"line":11,"column":4},"end":{"line":16,"column":5}},"type":"if","locations":[{"start":{"line":11,"column":4},"end":{"line":16,"column":5}},{"start":{},"end":{}}],"line":11},"1":{"loc":{"start":{"line":11,"column":8},"end":{"line":11,"column":38}},"type":"binary-expr","locations":[{"start":{"line":11,"column":8},"end":{"line":11,"column":16}},{"start":{"line":11,"column":20},"end":{"line":11,"column":27}},{"start":{"line":11,"column":31},"end":{"line":11,"column":38}}],"line":11},"2":{"loc":{"start":{"line":47,"column":4},"end":{"line":52,"column":5}},"type":"if","locations":[{"start":{"line":47,"column":4},"end":{"line":52,"column":5}},{"start":{},"end":{}}],"line":47}},"s":{"0":1,"1":1,"2":4,"3":4,"4":4,"5":3,"6":1,"7":1,"8":0,"9":1,"10":4,"11":4,"12":4,"13":4,"14":1,"15":3,"16":1,"17":2,"18":1,"19":2,"20":2,"21":1,"22":1,"23":1,"24":2,"25":2,"26":1,"27":1,"28":1,"29":3,"30":3,"31":3,"32":3,"33":0,"34":1,"35":4,"36":4,"37":4,"38":2,"39":2,"40":1,"41":2,"42":2,"43":1,"44":1},"f":{"0":4,"1":4,"2":2,"3":2,"4":3,"5":4,"6":2},"b":{"0":[3,1],"1":[4,3,2],"2":[1,3]},"_coverageSchema":"1a1c01bbd47fc00a2c39e90264f33305004495a9","hash":"2b90d4c715fb061743ef9405071852e55c645b6a"}
,"C:\\Users\\User\\Documents\\Project\\af2\\food-ordering-system\\payment-service\\src\\middleware\\errorHandler.js": {"path":"C:\\Users\\User\\Documents\\Project\\af2\\food-ordering-system\\payment-service\\src\\middleware\\errorHandler.js","statementMap":{"0":{"start":{"line":4,"column":21},"end":{"line":46,"column":1}},"1":{"start":{"line":6,"column":2},"end":{"line":11,"column":3}},"2":{"start":{"line":7,"column":4},"end":{"line":10,"column":7}},"3":{"start":{"line":14,"column":2},"end":{"line":21,"column":3}},"4":{"start":{"line":15,"column":21},"end":{"line":15,"column":68}},"5":{"start":{"line":15,"column":58},"end":{"line":15,"column":67}},"6":{"start":{"line":16,"column":4},"end":{"line":20,"column":7}},"7":{"start":{"line":24,"column":2},"end":{"line":29,"column":3}},"8":{"start":{"line":25,"column":4},"end":{"line":28,"column":7}},"9":{"start":{"line":32,"column":2},"end":{"line":38,"column":3}},"10":{"start":{"line":33,"column":4},"end":{"line":37,"column":7}},"11":{"start":{"line":41,"column":2},"end":{"line":41,"column":41}},"12":{"start":{"line":42,"column":2},"end":{"line":45,"column":5}},"13":{"start":{"line":48,"column":0},"end":{"line":48,"column":30}}},"fnMap":{"0":{"name":"(anonymous_0)","decl":{"start":{"line":4,"column":21},"end":{"line":4,"column":22}},"loc":{"start":{"line":4,"column":46},"end":{"line":46,"column":1}},"line":4},"1":{"name":"(anonymous_1)","decl":{"start":{"line":15,"column":51},"end":{"line":15,"column":52}},"loc":{"start":{"line":15,"column":58},"end":{"line":15,"column":67}},"line":15}},"branchMap":{"0":{"loc":{"start":{"line":6,"column":2},"end":{"line":11,"column":3}},"type":"if","locations":[{"start":{"line":6,"column":2},"end":{"line":11,"column":3}},{"start":{},"end":{}}],"line":6},"1":{"loc":{"start":{"line":14,"column":2},"end":{"line":21,"column":3}},"type":"if","locations":[{"start":{"line":14,"column":2},"end":{"line":21,"column":3}},{"start":{},"end":{}}],"line":14},"2":{"loc":{"start":{"line":24,"column":2},"end":{"line":29,"column":3}},"type":"if","locations":[{"start":{"line":24,"column":2},"end":{"line":29,"column":3}},{"start":{},"end":{}}],"line":24},"3":{"loc":{"start":{"line":32,"column":2},"end":{"line":38,"column":3}},"type":"if","locations":[{"start":{"line":32,"column":2},"end":{"line":38,"column":3}},{"start":{},"end":{}}],"line":32},"4":{"loc":{"start":{"line":32,"column":6},"end":{"line":32,"column":47}},"type":"binary-expr","locations":[{"start":{"line":32,"column":6},"end":{"line":32,"column":14}},{"start":{"line":32,"column":18},"end":{"line":32,"column":47}}],"line":32},"5":{"loc":{"start":{"line":33,"column":22},"end":{"line":33,"column":43}},"type":"binary-expr","locations":[{"start":{"line":33,"column":22},"end":{"line":33,"column":36}},{"start":{"line":33,"column":40},"end":{"line":33,"column":43}}],"line":33}},"s":{"0":1,"1":7,"2":7,"3":0,"4":0,"5":0,"6":0,"7":0,"8":0,"9":0,"10":0,"11":0,"12":0,"13":1},"f":{"0":7,"1":0},"b":{"0":[7,0],"1":[0,0],"2":[0,0],"3":[0,0],"4":[0,0],"5":[0,0]},"_coverageSchema":"1a1c01bbd47fc00a2c39e90264f33305004495a9","hash":"8facf39a6d09e2e9558146241b9a46f552067d43"}
,"C:\\Users\\User\\Documents\\Project\\af2\\food-ordering-system\\payment-service\\src\\models\\Payment.js": {"path":"C:\\Users\\User\\Documents\\Project\\af2\\food-ordering-system\\payment-service\\src\\models\\Payment.js","statementMap":{"0":{"start":{"line":1,"column":17},"end":{"line":1,"column":36}},"1":{"start":{"line":3,"column":22},"end":{"line":65,"column":1}},"2":{"start":{"line":68,"column":0},"end":{"line":68,"column":35}},"3":{"start":{"line":69,"column":0},"end":{"line":69,"column":39}},"4":{"start":{"line":71,"column":0},"end":{"line":71,"column":58}}},"fnMap":{},"branchMap":{},"s":{"0":1,"1":1,"2":1,"3":1,"4":1},"f":{},"b":{},"_coverageSchema":"1a1c01bbd47fc00a2c39e90264f33305004495a9","hash":"078dac698dfadab623632ab2d3e3fb13684ecf1b"}
,"C:\\Users\\User\\Documents\\Project\\af2\\food-ordering-system\\payment-service\\src\\routes\\paymentRoutes.js": {"path":"C:\\Users\\User\\Documents\\Project\\af2\\food-ordering-system\\payment-service\\src\\routes\\paymentRoutes.js","statementMap":{"0":{"start":{"line":1,"column":16},"end":{"line":1,"column":34}},"1":{"start":{"line":2,"column":15},"end":{"line":2,"column":31}},"2":{"start":{"line":3,"column":26},"end":{"line":3,"column":69}},"3":{"start":{"line":6,"column":0},"end":{"line":6,"column":50}},"4":{"start":{"line":9,"column":0},"end":{"line":9,"column":62}},"5":{"start":{"line":12,"column":0},"end":{"line":12,"column":50}},"6":{"start":{"line":15,"column":0},"end":{"line":15,"column":53}},"7":{"start":{"line":18,"column":0},"end":{"line":18,"column":69}},"8":{"start":{"line":21,"column":0},"end":{"line":21,"column":60}},"9":{"start":{"line":24,"column":0},"end":{"line":24,"column":62}},"10":{"start":{"line":26,"column":0},"end":{"line":26,"column":24}}},"fnMap":{},"branchMap":{},"s":{"0":1,"1":1,"2":1,"3":1,"4":1,"5":1,"6":1,"7":1,"8":1,"9":1,"10":1},"f":{},"b":{},"_coverageSchema":"1a1c01bbd47fc00a2c39e90264f33305004495a9","hash":"4b7e1e5acab53526a4562d2c5527e96e0e6d49c5"}
,"C:\\Users\\User\\Documents\\Project\\af2\\food-ordering-system\\payment-service\\src\\services\\paymentService.js": {"path":"C:\\Users\\User\\Documents\\Project\\af2\\food-ordering-system\\payment-service\\src\\services\\paymentService.js","statementMap":{"0":{"start":{"line":1,"column":15},"end":{"line":1,"column":32}},"1":{"start":{"line":2,"column":16},"end":{"line":2,"column":44}},"2":{"start":{"line":5,"column":21},"end":{"line":5,"column":58}},"3":{"start":{"line":13,"column":4},"end":{"line":15,"column":5}},"4":{"start":{"line":14,"column":6},"end":{"line":14,"column":72}},"5":{"start":{"line":18,"column":26},"end":{"line":18,"column":50}},"6":{"start":{"line":21,"column":26},"end":{"line":31,"column":6}},"7":{"start":{"line":34,"column":20},"end":{"line":45,"column":6}},"8":{"start":{"line":47,"column":4},"end":{"line":47,"column":25}},"9":{"start":{"line":49,"column":4},"end":{"line":56,"column":6}},"10":{"start":{"line":63,"column":20},"end":{"line":63,"column":53}},"11":{"start":{"line":64,"column":4},"end":{"line":66,"column":5}},"12":{"start":{"line":65,"column":6},"end":{"line":65,"column":58}},"13":{"start":{"line":68,"column":4},"end":{"line":70,"column":5}},"14":{"start":{"line":69,"column":6},"end":{"line":69,"column":75}},"15":{"start":{"line":73,"column":26},"end":{"line":78,"column":5}},"16":{"start":{"line":81,"column":4},"end":{"line":81,"column":83}},"17":{"start":{"line":82,"column":4},"end":{"line":82,"column":25}},"18":{"start":{"line":84,"column":4},"end":{"line":91,"column":6}},"19":{"start":{"line":98,"column":20},"end":{"line":98,"column":53}},"20":{"start":{"line":99,"column":4},"end":{"line":101,"column":5}},"21":{"start":{"line":100,"column":6},"end":{"line":100,"column":58}},"22":{"start":{"line":102,"column":4},"end":{"line":102,"column":19}},"23":{"start":{"line":109,"column":20},"end":{"line":109,"column":54}},"24":{"start":{"line":110,"column":4},"end":{"line":112,"column":5}},"25":{"start":{"line":111,"column":6},"end":{"line":111,"column":73}},"26":{"start":{"line":113,"column":4},"end":{"line":113,"column":19}},"27":{"start":{"line":120,"column":19},"end":{"line":120,"column":21}},"28":{"start":{"line":121,"column":4},"end":{"line":121,"column":39}},"29":{"start":{"line":121,"column":16},"end":{"line":121,"column":39}},"30":{"start":{"line":122,"column":4},"end":{"line":122,"column":39}},"31":{"start":{"line":122,"column":16},"end":{"line":122,"column":39}},"32":{"start":{"line":124,"column":17},"end":{"line":124,"column":35}},"33":{"start":{"line":126,"column":30},"end":{"line":129,"column":6}},"34":{"start":{"line":131,"column":4},"end":{"line":139,"column":6}},"35":{"start":{"line":146,"column":20},"end":{"line":146,"column":53}},"36":{"start":{"line":147,"column":4},"end":{"line":149,"column":5}},"37":{"start":{"line":148,"column":6},"end":{"line":148,"column":58}},"38":{"start":{"line":151,"column":4},"end":{"line":153,"column":5}},"39":{"start":{"line":152,"column":6},"end":{"line":152,"column":80}},"40":{"start":{"line":155,"column":25},"end":{"line":155,"column":49}},"41":{"start":{"line":156,"column":4},"end":{"line":158,"column":5}},"42":{"start":{"line":157,"column":6},"end":{"line":157,"column":83}},"43":{"start":{"line":161,"column":19},"end":{"line":164,"column":6}},"44":{"start":{"line":167,"column":4},"end":{"line":167,"column":32}},"45":{"start":{"line":168,"column":4},"end":{"line":168,"column":33}},"46":{"start":{"line":169,"column":4},"end":{"line":169,"column":40}},"47":{"start":{"line":170,"column":4},"end":{"line":170,"column":25}},"48":{"start":{"line":172,"column":4},"end":{"line":178,"column":6}},"49":{"start":{"line":185,"column":20},"end":{"line":185,"column":53}},"50":{"start":{"line":186,"column":4},"end":{"line":188,"column":5}},"51":{"start":{"line":187,"column":6},"end":{"line":187,"column":58}},"52":{"start":{"line":190,"column":20},"end":{"line":203,"column":5}},"53":{"start":{"line":205,"column":4},"end":{"line":205,"column":19}},"54":{"start":{"line":209,"column":0},"end":{"line":209,"column":38}}},"fnMap":{"0":{"name":"(anonymous_0)","decl":{"start":{"line":11,"column":2},"end":{"line":11,"column":3}},"loc":{"start":{"line":11,"column":99},"end":{"line":57,"column":3}},"line":11},"1":{"name":"(anonymous_1)","decl":{"start":{"line":62,"column":2},"end":{"line":62,"column":3}},"loc":{"start":{"line":62,"column":51},"end":{"line":92,"column":3}},"line":62},"2":{"name":"(anonymous_2)","decl":{"start":{"line":97,"column":2},"end":{"line":97,"column":3}},"loc":{"start":{"line":97,"column":34},"end":{"line":103,"column":3}},"line":97},"3":{"name":"(anonymous_3)","decl":{"start":{"line":108,"column":2},"end":{"line":108,"column":3}},"loc":{"start":{"line":108,"column":37},"end":{"line":114,"column":3}},"line":108},"4":{"name":"(anonymous_4)","decl":{"start":{"line":119,"column":2},"end":{"line":119,"column":3}},"loc":{"start":{"line":119,"column":65},"end":{"line":140,"column":3}},"line":119},"5":{"name":"(anonymous_5)","decl":{"start":{"line":145,"column":2},"end":{"line":145,"column":3}},"loc":{"start":{"line":145,"column":41},"end":{"line":179,"column":3}},"line":145},"6":{"name":"(anonymous_6)","decl":{"start":{"line":184,"column":2},"end":{"line":184,"column":3}},"loc":{"start":{"line":184,"column":35},"end":{"line":206,"column":3}},"line":184}},"branchMap":{"0":{"loc":{"start":{"line":13,"column":4},"end":{"line":15,"column":5}},"type":"if","locations":[{"start":{"line":13,"column":4},"end":{"line":15,"column":5}},{"start":{},"end":{}}],"line":13},"1":{"loc":{"start":{"line":23,"column":16},"end":{"line":23,"column":33}},"type":"binary-expr","locations":[{"start":{"line":23,"column":16},"end":{"line":23,"column":24}},{"start":{"line":23,"column":28},"end":{"line":23,"column":33}}],"line":23},"2":{"loc":{"start":{"line":25,"column":19},"end":{"line":25,"column":64}},"type":"binary-expr","locations":[{"start":{"line":25,"column":19},"end":{"line":25,"column":30}},{"start":{"line":25,"column":34},"end":{"line":25,"column":64}}],"line":25},"3":{"loc":{"start":{"line":38,"column":16},"end":{"line":38,"column":33}},"type":"binary-expr","locations":[{"start":{"line":38,"column":16},"end":{"line":38,"column":24}},{"start":{"line":38,"column":28},"end":{"line":38,"column":33}}],"line":38},"4":{"loc":{"start":{"line":40,"column":21},"end":{"line":40,"column":44}},"type":"binary-expr","locations":[{"start":{"line":40,"column":21},"end":{"line":40,"column":34}},{"start":{"line":40,"column":38},"end":{"line":40,"column":44}}],"line":40},"5":{"loc":{"start":{"line":43,"column":19},"end":{"line":43,"column":64}},"type":"binary-expr","locations":[{"start":{"line":43,"column":19},"end":{"line":43,"column":30}},{"start":{"line":43,"column":34},"end":{"line":43,"column":64}}],"line":43},"6":{"loc":{"start":{"line":64,"column":4},"end":{"line":66,"column":5}},"type":"if","locations":[{"start":{"line":64,"column":4},"end":{"line":66,"column":5}},{"start":{},"end":{}}],"line":64},"7":{"loc":{"start":{"line":68,"column":4},"end":{"line":70,"column":5}},"type":"if","locations":[{"start":{"line":68,"column":4},"end":{"line":70,"column":5}},{"start":{},"end":{}}],"line":68},"8":{"loc":{"start":{"line":81,"column":21},"end":{"line":81,"column":82}},"type":"cond-expr","locations":[{"start":{"line":81,"column":60},"end":{"line":81,"column":71}},{"start":{"line":81,"column":74},"end":{"line":81,"column":82}}],"line":81},"9":{"loc":{"start":{"line":99,"column":4},"end":{"line":101,"column":5}},"type":"if","locations":[{"start":{"line":99,"column":4},"end":{"line":101,"column":5}},{"start":{},"end":{}}],"line":99},"10":{"loc":{"start":{"line":110,"column":4},"end":{"line":112,"column":5}},"type":"if","locations":[{"start":{"line":110,"column":4},"end":{"line":112,"column":5}},{"start":{},"end":{}}],"line":110},"11":{"loc":{"start":{"line":119,"column":41},"end":{"line":119,"column":49}},"type":"default-arg","locations":[{"start":{"line":119,"column":48},"end":{"line":119,"column":49}}],"line":119},"12":{"loc":{"start":{"line":119,"column":51},"end":{"line":119,"column":61}},"type":"default-arg","locations":[{"start":{"line":119,"column":59},"end":{"line":119,"column":61}}],"line":119},"13":{"loc":{"start":{"line":121,"column":4},"end":{"line":121,"column":39}},"type":"if","locations":[{"start":{"line":121,"column":4},"end":{"line":121,"column":39}},{"start":{},"end":{}}],"line":121},"14":{"loc":{"start":{"line":122,"column":4},"end":{"line":122,"column":39}},"type":"if","locations":[{"start":{"line":122,"column":4},"end":{"line":122,"column":39}},{"start":{},"end":{}}],"line":122},"15":{"loc":{"start":{"line":147,"column":4},"end":{"line":149,"column":5}},"type":"if","locations":[{"start":{"line":147,"column":4},"end":{"line":149,"column":5}},{"start":{},"end":{}}],"line":147},"16":{"loc":{"start":{"line":151,"column":4},"end":{"line":153,"column":5}},"type":"if","locations":[{"start":{"line":151,"column":4},"end":{"line":153,"column":5}},{"start":{},"end":{}}],"line":151},"17":{"loc":{"start":{"line":155,"column":25},"end":{"line":155,"column":49}},"type":"binary-expr","locations":[{"start":{"line":155,"column":25},"end":{"line":155,"column":31}},{"start":{"line":155,"column":35},"end":{"line":155,"column":49}}],"line":155},"18":{"loc":{"start":{"line":156,"column":4},"end":{"line":158,"column":5}},"type":"if","locations":[{"start":{"line":156,"column":4},"end":{"line":158,"column":5}},{"start":{},"end":{}}],"line":156},"19":{"loc":{"start":{"line":186,"column":4},"end":{"line":188,"column":5}},"type":"if","locations":[{"start":{"line":186,"column":4},"end":{"line":188,"column":5}},{"start":{},"end":{}}],"line":186},"20":{"loc":{"start":{"line":201,"column":14},"end":{"line":201,"column":71}},"type":"cond-expr","locations":[{"start":{"line":201,"column":47},"end":{"line":201,"column":64}},{"start":{"line":201,"column":67},"end":{"line":201,"column":71}}],"line":201}},"s":{"0":1,"1":1,"2":1,"3":1,"4":0,"5":1,"6":1,"7":1,"8":1,"9":1,"10":3,"11":3,"12":1,"13":2,"14":1,"15":1,"16":1,"17":1,"18":1,"19":2,"20":2,"21":1,"22":1,"23":2,"24":2,"25":1,"26":1,"27":3,"28":3,"29":1,"30":3,"31":1,"32":3,"33":3,"34":3,"35":4,"36":4,"37":0,"38":4,"39":1,"40":3,"41":3,"42":1,"43":2,"44":2,"45":2,"46":2,"47":2,"48":2,"49":2,"50":2,"51":1,"52":1,"53":1,"54":1},"f":{"0":1,"1":3,"2":2,"3":2,"4":3,"5":4,"6":2},"b":{"0":[0,1],"1":[1,0],"2":[1,0],"3":[1,0],"4":[1,1],"5":[1,0],"6":[1,2],"7":[1,1],"8":[1,0],"9":[1,1],"10":[1,1],"11":[3],"12":[3],"13":[1,2],"14":[1,2],"15":[0,4],"16":[1,3],"17":[3,1],"18":[1,2],"19":[1,1],"20":[1,0]},"_coverageSchema":"1a1c01bbd47fc00a2c39e90264f33305004495a9","hash":"62f70d70c7bc2df45121fe95997e5543c91b14b8"}
}
