TN:
SF:src\app.js
FN:36,(anonymous_0)
FN:48,(anonymous_1)
FNF:2
FNH:2
FNDA:1,(anonymous_0)
FNDA:1,(anonymous_1)
DA:1,1
DA:2,1
DA:3,1
DA:4,1
DA:5,1
DA:6,1
DA:7,1
DA:9,1
DA:10,1
DA:12,1
DA:15,1
DA:16,1
DA:19,1
DA:20,1
DA:23,1
DA:24,0
DA:28,1
DA:29,1
DA:30,1
DA:32,0
DA:36,1
DA:37,1
DA:45,1
DA:48,1
DA:49,1
DA:56,1
DA:58,1
LF:27
LH:25
BRDA:23,0,0,0
BRDA:23,0,1,1
BRF:2
BRH:1
end_of_record
TN:
SF:src\controllers\paymentController.js
FN:7,(anonymous_0)
FN:42,(anonymous_1)
FN:70,(anonymous_2)
FN:87,(anonymous_3)
FN:104,(anonymous_4)
FN:123,(anonymous_5)
FN:142,(anonymous_6)
FNF:7
FNH:7
FNDA:4,(anonymous_0)
FNDA:4,(anonymous_1)
FNDA:2,(anonymous_2)
FNDA:2,(anonymous_3)
FNDA:3,(anonymous_4)
FNDA:4,(anonymous_5)
FNDA:2,(anonymous_6)
DA:1,1
DA:7,1
DA:8,4
DA:9,4
DA:11,4
DA:12,3
DA:18,1
DA:28,1
DA:34,0
DA:42,1
DA:43,4
DA:44,4
DA:45,4
DA:47,4
DA:48,1
DA:54,3
DA:56,1
DA:62,2
DA:70,1
DA:71,2
DA:72,2
DA:74,1
DA:79,1
DA:87,1
DA:88,2
DA:89,2
DA:91,1
DA:96,1
DA:104,1
DA:105,3
DA:106,3
DA:107,3
DA:109,3
DA:115,0
DA:123,1
DA:124,4
DA:125,4
DA:126,4
DA:128,2
DA:134,2
DA:142,1
DA:143,2
DA:144,2
DA:146,1
DA:151,1
LF:45
LH:43
BRDA:11,0,0,3
BRDA:11,0,1,1
BRDA:11,1,0,4
BRDA:11,1,1,3
BRDA:11,1,2,2
BRDA:47,2,0,1
BRDA:47,2,1,3
BRF:7
BRH:7
end_of_record
TN:
SF:src\middleware\errorHandler.js
FN:4,(anonymous_0)
FN:15,(anonymous_1)
FNF:2
FNH:1
FNDA:7,(anonymous_0)
FNDA:0,(anonymous_1)
DA:4,1
DA:6,7
DA:7,7
DA:14,0
DA:15,0
DA:16,0
DA:24,0
DA:25,0
DA:32,0
DA:33,0
DA:41,0
DA:42,0
DA:48,1
LF:13
LH:4
BRDA:6,0,0,7
BRDA:6,0,1,0
BRDA:14,1,0,0
BRDA:14,1,1,0
BRDA:24,2,0,0
BRDA:24,2,1,0
BRDA:32,3,0,0
BRDA:32,3,1,0
BRDA:32,4,0,0
BRDA:32,4,1,0
BRDA:33,5,0,0
BRDA:33,5,1,0
BRF:12
BRH:1
end_of_record
TN:
SF:src\models\Payment.js
FNF:0
FNH:0
DA:1,1
DA:3,1
DA:68,1
DA:69,1
DA:71,1
LF:5
LH:5
BRF:0
BRH:0
end_of_record
TN:
SF:src\routes\paymentRoutes.js
FNF:0
FNH:0
DA:1,1
DA:2,1
DA:3,1
DA:6,1
DA:9,1
DA:12,1
DA:15,1
DA:18,1
DA:21,1
DA:24,1
DA:26,1
LF:11
LH:11
BRF:0
BRH:0
end_of_record
TN:
SF:src\services\paymentService.js
FN:11,(anonymous_0)
FN:62,(anonymous_1)
FN:97,(anonymous_2)
FN:108,(anonymous_3)
FN:119,(anonymous_4)
FN:145,(anonymous_5)
FN:184,(anonymous_6)
FNF:7
FNH:7
FNDA:1,(anonymous_0)
FNDA:3,(anonymous_1)
FNDA:2,(anonymous_2)
FNDA:2,(anonymous_3)
FNDA:3,(anonymous_4)
FNDA:4,(anonymous_5)
FNDA:2,(anonymous_6)
DA:1,1
DA:2,1
DA:5,1
DA:13,1
DA:14,0
DA:18,1
DA:21,1
DA:34,1
DA:47,1
DA:49,1
DA:63,3
DA:64,3
DA:65,1
DA:68,2
DA:69,1
DA:73,1
DA:81,1
DA:82,1
DA:84,1
DA:98,2
DA:99,2
DA:100,1
DA:102,1
DA:109,2
DA:110,2
DA:111,1
DA:113,1
DA:120,3
DA:121,3
DA:122,3
DA:124,3
DA:126,3
DA:131,3
DA:146,4
DA:147,4
DA:148,0
DA:151,4
DA:152,1
DA:155,3
DA:156,3
DA:157,1
DA:161,2
DA:167,2
DA:168,2
DA:169,2
DA:170,2
DA:172,2
DA:185,2
DA:186,2
DA:187,1
DA:190,1
DA:205,1
DA:209,1
LF:53
LH:51
BRDA:13,0,0,0
BRDA:13,0,1,1
BRDA:23,1,0,1
BRDA:23,1,1,0
BRDA:25,2,0,1
BRDA:25,2,1,0
BRDA:38,3,0,1
BRDA:38,3,1,0
BRDA:40,4,0,1
BRDA:40,4,1,1
BRDA:43,5,0,1
BRDA:43,5,1,0
BRDA:64,6,0,1
BRDA:64,6,1,2
BRDA:68,7,0,1
BRDA:68,7,1,1
BRDA:81,8,0,1
BRDA:81,8,1,0
BRDA:99,9,0,1
BRDA:99,9,1,1
BRDA:110,10,0,1
BRDA:110,10,1,1
BRDA:119,11,0,3
BRDA:119,12,0,3
BRDA:121,13,0,1
BRDA:121,13,1,2
BRDA:122,14,0,1
BRDA:122,14,1,2
BRDA:147,15,0,0
BRDA:147,15,1,4
BRDA:151,16,0,1
BRDA:151,16,1,3
BRDA:155,17,0,3
BRDA:155,17,1,1
BRDA:156,18,0,1
BRDA:156,18,1,2
BRDA:186,19,0,1
BRDA:186,19,1,1
BRDA:201,20,0,1
BRDA:201,20,1,0
BRF:40
BRH:32
end_of_record
